{"/home/rinaldi_s/Documentos/CursoNode/2_libreria/app.js": {"path":"/home/rinaldi_s/Documentos/CursoNode/2_libreria/app.js","statementMap":{"0":{"start":{"line":1,"column":16},"end":{"line":1,"column":34}},"1":{"start":{"line":2,"column":19},"end":{"line":2,"column":41}},"2":{"start":{"line":3,"column":18},"end":{"line":3,"column":47}},"3":{"start":{"line":5,"column":15},"end":{"line":5,"column":43}},"4":{"start":{"line":6,"column":24},"end":{"line":6,"column":49}},"5":{"start":{"line":8,"column":12},"end":{"line":8,"column":21}},"6":{"start":{"line":10,"column":0},"end":{"line":10,"column":27}},"7":{"start":{"line":11,"column":0},"end":{"line":11,"column":26}},"8":{"start":{"line":12,"column":0},"end":{"line":12,"column":72}},"9":{"start":{"line":14,"column":0},"end":{"line":14,"column":21}}},"fnMap":{},"branchMap":{},"s":{"0":1,"1":1,"2":1,"3":1,"4":1,"5":1,"6":1,"7":1,"8":1,"9":1},"f":{},"b":{},"_coverageSchema":"1a1c01bbd47fc00a2c39e90264f33305004495a9","hash":"d3a7969b3b903ba660fb72d130b1d27a5bdb0cd7"}
,"/home/rinaldi_s/Documentos/CursoNode/2_libreria/bin/models/Book.js": {"path":"/home/rinaldi_s/Documentos/CursoNode/2_libreria/bin/models/Book.js","statementMap":{"0":{"start":{"line":1,"column":11},"end":{"line":1,"column":24}},"1":{"start":{"line":2,"column":16},"end":{"line":2,"column":18}},"2":{"start":{"line":6,"column":8},"end":{"line":6,"column":27}},"3":{"start":{"line":7,"column":8},"end":{"line":7,"column":27}},"4":{"start":{"line":8,"column":8},"end":{"line":8,"column":25}},"5":{"start":{"line":9,"column":8},"end":{"line":9,"column":25}},"6":{"start":{"line":10,"column":8},"end":{"line":10,"column":29}},"7":{"start":{"line":14,"column":8},"end":{"line":14,"column":20}},"8":{"start":{"line":15,"column":8},"end":{"line":15,"column":29}},"9":{"start":{"line":17,"column":8},"end":{"line":17,"column":21}},"10":{"start":{"line":19,"column":8},"end":{"line":19,"column":29}},"11":{"start":{"line":23,"column":21},"end":{"line":23,"column":57}},"12":{"start":{"line":25,"column":8},"end":{"line":27,"column":9}},"13":{"start":{"line":26,"column":12},"end":{"line":26,"column":75}},"14":{"start":{"line":29,"column":8},"end":{"line":29,"column":25}},"15":{"start":{"line":33,"column":23},"end":{"line":33,"column":46}},"16":{"start":{"line":35,"column":8},"end":{"line":35,"column":35}},"17":{"start":{"line":39,"column":8},"end":{"line":39,"column":20}},"18":{"start":{"line":41,"column":23},"end":{"line":41,"column":64}},"19":{"start":{"line":41,"column":48},"end":{"line":41,"column":63}},"20":{"start":{"line":43,"column":8},"end":{"line":45,"column":9}},"21":{"start":{"line":44,"column":12},"end":{"line":44,"column":47}},"22":{"start":{"line":47,"column":8},"end":{"line":47,"column":24}},"23":{"start":{"line":51,"column":23},"end":{"line":51,"column":46}},"24":{"start":{"line":53,"column":8},"end":{"line":53,"column":38}},"25":{"start":{"line":55,"column":8},"end":{"line":55,"column":21}},"26":{"start":{"line":57,"column":8},"end":{"line":57,"column":30}},"27":{"start":{"line":61,"column":24},"end":{"line":61,"column":47}},"28":{"start":{"line":63,"column":19},"end":{"line":63,"column":36}},"29":{"start":{"line":65,"column":8},"end":{"line":69,"column":11}},"30":{"start":{"line":66,"column":12},"end":{"line":68,"column":13}},"31":{"start":{"line":67,"column":16},"end":{"line":67,"column":49}},"32":{"start":{"line":71,"column":8},"end":{"line":71,"column":21}},"33":{"start":{"line":73,"column":8},"end":{"line":73,"column":31}},"34":{"start":{"line":77,"column":8},"end":{"line":81,"column":11}},"35":{"start":{"line":78,"column":12},"end":{"line":80,"column":13}},"36":{"start":{"line":79,"column":16},"end":{"line":79,"column":50}},"37":{"start":{"line":86,"column":0},"end":{"line":86,"column":22}}},"fnMap":{"0":{"name":"(anonymous_0)","decl":{"start":{"line":5,"column":4},"end":{"line":5,"column":5}},"loc":{"start":{"line":5,"column":49},"end":{"line":11,"column":5}},"line":5},"1":{"name":"(anonymous_1)","decl":{"start":{"line":13,"column":4},"end":{"line":13,"column":5}},"loc":{"start":{"line":13,"column":16},"end":{"line":20,"column":5}},"line":13},"2":{"name":"(anonymous_2)","decl":{"start":{"line":22,"column":4},"end":{"line":22,"column":5}},"loc":{"start":{"line":22,"column":10},"end":{"line":30,"column":5}},"line":22},"3":{"name":"(anonymous_3)","decl":{"start":{"line":32,"column":4},"end":{"line":32,"column":5}},"loc":{"start":{"line":32,"column":20},"end":{"line":36,"column":5}},"line":32},"4":{"name":"(anonymous_4)","decl":{"start":{"line":38,"column":4},"end":{"line":38,"column":5}},"loc":{"start":{"line":38,"column":22},"end":{"line":48,"column":5}},"line":38},"5":{"name":"(anonymous_5)","decl":{"start":{"line":41,"column":43},"end":{"line":41,"column":44}},"loc":{"start":{"line":41,"column":48},"end":{"line":41,"column":63}},"line":41},"6":{"name":"(anonymous_6)","decl":{"start":{"line":50,"column":4},"end":{"line":50,"column":5}},"loc":{"start":{"line":50,"column":16},"end":{"line":58,"column":5}},"line":50},"7":{"name":"(anonymous_7)","decl":{"start":{"line":60,"column":4},"end":{"line":60,"column":5}},"loc":{"start":{"line":60,"column":22},"end":{"line":74,"column":5}},"line":60},"8":{"name":"(anonymous_8)","decl":{"start":{"line":65,"column":21},"end":{"line":65,"column":22}},"loc":{"start":{"line":65,"column":26},"end":{"line":69,"column":9}},"line":65},"9":{"name":"(anonymous_9)","decl":{"start":{"line":76,"column":4},"end":{"line":76,"column":5}},"loc":{"start":{"line":76,"column":11},"end":{"line":82,"column":5}},"line":76},"10":{"name":"(anonymous_10)","decl":{"start":{"line":77,"column":71},"end":{"line":77,"column":72}},"loc":{"start":{"line":77,"column":80},"end":{"line":81,"column":9}},"line":77}},"branchMap":{"0":{"loc":{"start":{"line":25,"column":8},"end":{"line":27,"column":9}},"type":"if","locations":[{"start":{"line":25,"column":8},"end":{"line":27,"column":9}},{"start":{},"end":{}}],"line":25},"1":{"loc":{"start":{"line":43,"column":8},"end":{"line":45,"column":9}},"type":"if","locations":[{"start":{"line":43,"column":8},"end":{"line":45,"column":9}},{"start":{},"end":{}}],"line":43},"2":{"loc":{"start":{"line":66,"column":12},"end":{"line":68,"column":13}},"type":"if","locations":[{"start":{"line":66,"column":12},"end":{"line":68,"column":13}},{"start":{},"end":{}}],"line":66},"3":{"loc":{"start":{"line":78,"column":12},"end":{"line":80,"column":13}},"type":"if","locations":[{"start":{"line":78,"column":12},"end":{"line":80,"column":13}},{"start":{},"end":{}}],"line":78}},"s":{"0":1,"1":1,"2":5,"3":5,"4":5,"5":5,"6":5,"7":1,"8":1,"9":1,"10":1,"11":5,"12":5,"13":5,"14":5,"15":1,"16":1,"17":3,"18":3,"19":18,"20":3,"21":0,"22":3,"23":1,"24":1,"25":1,"26":1,"27":1,"28":1,"29":1,"30":5,"31":2,"32":1,"33":1,"34":3,"35":2,"36":0,"37":1},"f":{"0":5,"1":1,"2":5,"3":1,"4":3,"5":18,"6":1,"7":1,"8":5,"9":3,"10":2},"b":{"0":[5,0],"1":[0,3],"2":[2,3],"3":[0,2]},"_coverageSchema":"1a1c01bbd47fc00a2c39e90264f33305004495a9","hash":"342cf68097a3d2bbae2977b6e0574e0279bafdd5"}
,"/home/rinaldi_s/Documentos/CursoNode/2_libreria/bin/routes/book.js": {"path":"/home/rinaldi_s/Documentos/CursoNode/2_libreria/bin/routes/book.js","statementMap":{"0":{"start":{"line":1,"column":16},"end":{"line":1,"column":34}},"1":{"start":{"line":2,"column":13},"end":{"line":2,"column":38}},"2":{"start":{"line":4,"column":12},"end":{"line":4,"column":21}},"3":{"start":{"line":6,"column":0},"end":{"line":13,"column":3}},"4":{"start":{"line":7,"column":45},"end":{"line":7,"column":53}},"5":{"start":{"line":8,"column":15},"end":{"line":8,"column":57}},"6":{"start":{"line":10,"column":18},"end":{"line":10,"column":35}},"7":{"start":{"line":12,"column":4},"end":{"line":12,"column":47}},"8":{"start":{"line":15,"column":0},"end":{"line":21,"column":3}},"9":{"start":{"line":16,"column":15},"end":{"line":16,"column":25}},"10":{"start":{"line":18,"column":20},"end":{"line":18,"column":31}},"11":{"start":{"line":20,"column":4},"end":{"line":20,"column":40}},"12":{"start":{"line":23,"column":0},"end":{"line":30,"column":3}},"13":{"start":{"line":24,"column":15},"end":{"line":24,"column":30}},"14":{"start":{"line":25,"column":15},"end":{"line":25,"column":25}},"15":{"start":{"line":27,"column":21},"end":{"line":27,"column":42}},"16":{"start":{"line":29,"column":4},"end":{"line":29,"column":47}},"17":{"start":{"line":32,"column":0},"end":{"line":39,"column":3}},"18":{"start":{"line":33,"column":15},"end":{"line":33,"column":30}},"19":{"start":{"line":34,"column":15},"end":{"line":34,"column":25}},"20":{"start":{"line":36,"column":18},"end":{"line":36,"column":35}},"21":{"start":{"line":38,"column":4},"end":{"line":38,"column":47}},"22":{"start":{"line":41,"column":0},"end":{"line":49,"column":3}},"23":{"start":{"line":42,"column":39},"end":{"line":42,"column":47}},"24":{"start":{"line":43,"column":15},"end":{"line":43,"column":30}},"25":{"start":{"line":44,"column":15},"end":{"line":44,"column":57}},"26":{"start":{"line":46,"column":18},"end":{"line":46,"column":40}},"27":{"start":{"line":48,"column":4},"end":{"line":48,"column":47}},"28":{"start":{"line":51,"column":0},"end":{"line":51,"column":21}}},"fnMap":{"0":{"name":"(anonymous_0)","decl":{"start":{"line":6,"column":25},"end":{"line":6,"column":26}},"loc":{"start":{"line":6,"column":39},"end":{"line":13,"column":1}},"line":6},"1":{"name":"(anonymous_1)","decl":{"start":{"line":15,"column":22},"end":{"line":15,"column":23}},"loc":{"start":{"line":15,"column":36},"end":{"line":21,"column":1}},"line":15},"2":{"name":"(anonymous_2)","decl":{"start":{"line":23,"column":23},"end":{"line":23,"column":24}},"loc":{"start":{"line":23,"column":37},"end":{"line":30,"column":1}},"line":23},"3":{"name":"(anonymous_3)","decl":{"start":{"line":32,"column":33},"end":{"line":32,"column":34}},"loc":{"start":{"line":32,"column":47},"end":{"line":39,"column":1}},"line":32},"4":{"name":"(anonymous_4)","decl":{"start":{"line":41,"column":30},"end":{"line":41,"column":31}},"loc":{"start":{"line":41,"column":44},"end":{"line":49,"column":1}},"line":41}},"branchMap":{},"s":{"0":1,"1":1,"2":1,"3":1,"4":1,"5":1,"6":1,"7":1,"8":1,"9":1,"10":1,"11":1,"12":1,"13":1,"14":1,"15":1,"16":1,"17":1,"18":1,"19":1,"20":1,"21":1,"22":1,"23":1,"24":1,"25":1,"26":1,"27":1,"28":1},"f":{"0":1,"1":1,"2":1,"3":1,"4":1},"b":{},"_coverageSchema":"1a1c01bbd47fc00a2c39e90264f33305004495a9","hash":"e58cba7588a6006e4fae607f76ad5b61e668a16d"}
}
